# JRE version: Java(TM) SE Runtime Environment (21.0.2+13) (build 21.0.2+13-LTS-58)
# Java VM: Java HotSpot(TM) 64-Bit Server VM (21.0.2+13-LTS-58, mixed mode, sharing, tiered, compressed oops, compressed class ptrs, g1 gc, windows-amd64)
GC Precious Log:
 CardTable entry size: 512
 Card Set container configuration: InlinePtr #cards 5 size 8 Array Of Cards #cards 12 size 40 Howl #buckets 4 coarsen threshold 1843 Howl Bitmap #cards 512 size 80 coarsen threshold 460 Card regions per heap region 1 cards per card region 2048
 CPUs: 8 total, 8 available
 Memory: 16163M
 Large Page Support: Disabled
 NUMA Support: Disabled
 Compressed Oops: Enabled (32-bit)
 Heap Region Size: 1M
 Heap Min Capacity: 256M
 Heap Initial Capacity: 256M
 Heap Max Capacity: 512M
 Pre-touch: Disabled
 Parallel Workers: 8
 Concurrent Workers: 2
 Concurrent Refinement Workers: 8
 Periodic GC: Disabled
Heap:
 garbage-first heap   total 262144K, used 85513K [0x00000000e0000000, 0x0000000100000000)
  region size 1024K, 67 young (68608K), 17 survivors (17408K)
 Metaspace       used 40662K, committed 42112K, reserved 393216K
  class space    used 5754K, committed 6464K, reserved 327680K
GC Heap History (10 events):
Event: 9.748 GC heap before
{Heap before GC invocations=0 (full 0):
 garbage-first heap   total 262144K, used 23552K [0x00000000e0000000, 0x0000000100000000)
  region size 1024K, 23 young (23552K), 0 survivors (0K)
 Metaspace       used 1095K, committed 1216K, reserved 393216K
  class space    used 82K, committed 128K, reserved 327680K
}
Event: 12.699 GC heap after
{Heap after GC invocations=1 (full 0):
 garbage-first heap   total 262144K, used 1962K [0x00000000e0000000, 0x0000000100000000)
  region size 1024K, 2 young (2048K), 2 survivors (2048K)
 Metaspace       used 1095K, committed 1216K, reserved 393216K
  class space    used 82K, committed 128K, reserved 327680K
}
Event: 20.489 GC heap before
{Heap before GC invocations=1 (full 0):
 garbage-first heap   total 262144K, used 37802K [0x00000000e0000000, 0x0000000100000000)
  region size 1024K, 35 young (35840K), 2 survivors (2048K)
 Metaspace       used 4461K, committed 4672K, reserved 393216K
  class space    used 553K, committed 640K, reserved 327680K
}
Event: 20.499 GC heap after
{Heap after GC invocations=2 (full 0):
 garbage-first heap   total 262144K, used 11039K [0x00000000e0000000, 0x0000000100000000)
  region size 1024K, 5 young (5120K), 5 survivors (5120K)
 Metaspace       used 4461K, committed 4672K, reserved 393216K
  class space    used 553K, committed 640K, reserved 327680K
}
Event: 29.230 GC heap before
{Heap before GC invocations=2 (full 0):
 garbage-first heap   total 262144K, used 62239K [0x00000000e0000000, 0x0000000100000000)
  region size 1024K, 53 young (54272K), 5 survivors (5120K)
 Metaspace       used 4923K, committed 5056K, reserved 393216K
  class space    used 625K, committed 704K, reserved 327680K
}
Event: 29.241 GC heap after
{Heap after GC invocations=3 (full 0):
 garbage-first heap   total 262144K, used 16468K [0x00000000e0000000, 0x0000000100000000)
  region size 1024K, 5 young (5120K), 5 survivors (5120K)
 Metaspace       used 4923K, committed 5056K, reserved 393216K
  class space    used 625K, committed 704K, reserved 327680K
}
Event: 51.471 GC heap before
{Heap before GC invocations=3 (full 0):
 garbage-first heap   total 262144K, used 109652K [0x00000000e0000000, 0x0000000100000000)
  region size 1024K, 97 young (99328K), 5 survivors (5120K)
 Metaspace       used 20879K, committed 21504K, reserved 393216K
  class space    used 3029K, committed 3328K, reserved 327680K
}
Event: 51.710 GC heap after
{Heap after GC invocations=4 (full 0):
 garbage-first heap   total 262144K, used 24424K [0x00000000e0000000, 0x0000000100000000)
  region size 1024K, 13 young (13312K), 13 survivors (13312K)
 Metaspace       used 20879K, committed 21504K, reserved 393216K
  class space    used 3029K, committed 3328K, reserved 327680K
}
Event: 92.227 GC heap before
{Heap before GC invocations=5 (full 0):
 garbage-first heap   total 262144K, used 136040K [0x00000000e0000000, 0x0000000100000000)
  region size 1024K, 119 young (121856K), 13 survivors (13312K)
 Metaspace       used 34982K, committed 35968K, reserved 393216K
  class space    used 4896K, committed 5376K, reserved 327680K
}
Event: 92.263 GC heap after
{Heap after GC invocations=6 (full 0):
 garbage-first heap   total 262144K, used 35337K [0x00000000e0000000, 0x0000000100000000)
  region size 1024K, 17 young (17408K), 17 survivors (17408K)
 Metaspace       used 34982K, committed 35968K, reserved 393216K
  class space    used 4896K, committed 5376K, reserved 327680K
}

